生成启动时间为 2017/9/21 16:50:23。
     1>项目“F:\GitHub\C-and-Cpp\RB_Tree\RB_Tree\RB_Tree\RB_Tree.vcxproj”在节点 2 上(build 个目标)。
     1>InitializeBuildStatus:
         正在创建“Debug\RB_Tree.unsuccessfulbuild”，因为已指定“AlwaysCreate”。
       ClCompile:
         所有输出均为最新。
         D:\VS2010\VC\bin\CL.exe /c /ZI /nologo /W3 /WX- /Od /Oy- /D WIN32 /D _DEBUG /D _CONSOLE /D _UNICODE /D UNICODE /Gm /EHsc /RTC1 /MDd /GS /fp:precise /Zc:wchar_t /Zc:forScope /Yu"StdAfx.h" /Fp"Debug\RB_Tree.pch" /Fo"Debug\\" /Fd"Debug\vc100.pdb" /Gd /TP /analyze- /errorReport:prompt main.cpp
         main.cpp
       ManifestResourceCompile:
         所有输出均为最新。
       Link:
         D:\VS2010\VC\bin\link.exe /ERRORREPORT:PROMPT /OUT:"F:\GitHub\C-and-Cpp\RB_Tree\RB_Tree\Debug\RB_Tree.exe" /INCREMENTAL /NOLOGO kernel32.lib user32.lib gdi32.lib winspool.lib comdlg32.lib advapi32.lib shell32.lib ole32.lib oleaut32.lib uuid.lib odbc32.lib odbccp32.lib /MANIFEST /ManifestFile:"Debug\RB_Tree.exe.intermediate.manifest" /MANIFESTUAC:"level='asInvoker' uiAccess='false'" /DEBUG /PDB:"F:\GitHub\C-and-Cpp\RB_Tree\RB_Tree\Debug\RB_Tree.pdb" /SUBSYSTEM:CONSOLE /TLBID:1 /DYNAMICBASE /NXCOMPAT /IMPLIB:"F:\GitHub\C-and-Cpp\RB_Tree\RB_Tree\Debug\RB_Tree.lib" /MACHINE:X86 Debug\RB_Tree.exe.embed.manifest.res
         Debug\main.obj
         Debug\RB_Tree.obj
         Debug\RB_Tree_Node.obj
         Debug\stdafx.obj
       Manifest:
         C:\Program Files (x86)\Microsoft SDKs\Windows\v7.0A\bin\mt.exe /nologo /verbose /out:"Debug\RB_Tree.exe.embed.manifest" /manifest Debug\RB_Tree.exe.intermediate.manifest
         所有输出均为最新。
       LinkEmbedManifest:
         所有输出均为最新。
         RB_Tree.vcxproj -> F:\GitHub\C-and-Cpp\RB_Tree\RB_Tree\Debug\RB_Tree.exe
       FinalizeBuildStatus:
         正在删除文件“Debug\RB_Tree.unsuccessfulbuild”。
         正在对“Debug\RB_Tree.lastbuildstate”执行 Touch 任务。
     1>已完成生成项目“F:\GitHub\C-and-Cpp\RB_Tree\RB_Tree\RB_Tree\RB_Tree.vcxproj”(build 个目标)的操作。

生成成功。

已用时间 00:00:00.50
